#
# There is insufficient memory for the Java Runtime Environment to continue.
# Native memory allocation (mmap) failed to map 132120576 bytes for Failed to commit area from 0x0000000082200000 to 0x000000008a000000 of length 132120576.
# Possible reasons:
#   The system is out of physical RAM or swap space
#   The process is running with CompressedOops enabled, and the Java Heap may be blocking the growth of the native heap
# Possible solutions:
#   Reduce memory load on the system
#   Increase physical memory or swap space
#   Check if swap backing store is full
#   Decrease Java heap size (-Xmx/-Xms)
#   Decrease number of Java threads
#   Decrease Java thread stack sizes (-Xss)
#   Set larger code cache with -XX:ReservedCodeCacheSize=
#   JVM is running with Unscaled Compressed Oops mode in which the Java heap is
#     placed in the first 4GB address space. The Java Heap base address is the
#     maximum limit for the native heap growth. Please use -XX:HeapBaseMinAddress
#     to set the Java Heap base and to place the Java Heap above 4GB virtual address.
# This output file may be truncated or incomplete.
#
#  Out of Memory Error (t:/workspace/open/src/hotspot/os/windows/os_windows.cpp:3315), pid=8304, tid=13112
#
# JRE version:  (14.0+36) (build )
# Java VM: Java HotSpot(TM) 64-Bit Server VM (14+36-1461, mixed mode, sharing, tiered, compressed oops, g1 gc, windows-amd64)
# No core dump will be written. Minidumps are not enabled by default on client versions of Windows
#

---------------  S U M M A R Y ------------

Command Line: -javaagent:C:\Program Files\JetBrains\IntelliJ IDEA 2020.2.3\lib\idea_rt.jar=53020:C:\Program Files\JetBrains\IntelliJ IDEA 2020.2.3\bin -Dfile.encoding=UTF-8 ThirdAssignment

Host: Intel(R) Core(TM) i7-7700HQ CPU @ 2.80GHz, 8 cores, 7G,  Windows 10 , 64 bit Build 18362 (10.0.18362.900)
Time: Mon Nov  9 10:56:35 2020 Jerusalem Standard Time elapsed time: 0 seconds (0d 0h 0m 0s)

---------------  T H R E A D  ---------------

Current thread (0x0000015738ed2800):  JavaThread "Unknown thread" [_thread_in_vm, id=13112, stack(0x000000525e000000,0x000000525e100000)]

Stack: [0x000000525e000000,0x000000525e100000]
Native frames: (J=compiled Java code, j=interpreted, Vv=VM code, C=native code)
V  [jvm.dll+0x5f83ea]
V  [jvm.dll+0x741e2a]
V  [jvm.dll+0x7435df]
V  [jvm.dll+0x743c23]
V  [jvm.dll+0x20d268]
V  [jvm.dll+0x5f579a]
V  [jvm.dll+0x5ea5f5]
V  [jvm.dll+0x2c7e7c]
V  [jvm.dll+0x2c7cb2]
V  [jvm.dll+0x2cdb9c]
V  [jvm.dll+0x313fd8]
V  [jvm.dll+0x313700]
V  [jvm.dll+0x2a090a]
V  [jvm.dll+0x2a1a59]
V  [jvm.dll+0x71f6f8]
V  [jvm.dll+0x321c24]
V  [jvm.dll+0x700aec]
V  [jvm.dll+0x392ddf]
V  [jvm.dll+0x394e51]
C  [jli.dll+0x523b]
C  [ucrtbase.dll+0x20e82]
C  [KERNEL32.DLL+0x17bd4]
C  [ntdll.dll+0x6ce51]


---------------  P R O C E S S  ---------------

Threads class SMR info:
_java_thread_list=0x00007ffb4b6a4078, length=0, elements={
}

Java Threads: ( => current thread )

Other Threads:
  0x0000015738f14000 GCTaskThread "GC Thread#0" [stack: 0x000000525e100000,0x000000525e200000] [id=2900]
  0x0000015738f25000 ConcurrentGCThread "G1 Main Marker" [stack: 0x000000525e200000,0x000000525e300000] [id=12868]
  0x0000015738f27000 ConcurrentGCThread "G1 Conc#0" [stack: 0x000000525e300000,0x000000525e400000] [id=21496]

[error occurred during error reporting (printing all threads), id 0xc0000005, EXCEPTION_ACCESS_VIOLATION (0xc0000005) at pc=0x00007ffb4aed1237]

VM state:not at safepoint (not fully initialized)

VM Mutex/Monitor currently owned by a thread:  ([mutex/lock_event])
[0x0000015738ecd6a0] Heap_lock - owner thread: 0x0000015738ed2800

Heap address: 0x0000000082200000, size: 2014 MB, Compressed Oops mode: 32-bit
Narrow klass base: 0x0000000000000000, Narrow klass shift: 0

GC Heap History (0 events):
No events

Deoptimization events (0 events):
No events

Classes unloaded (0 events):
No events

Classes redefined (0 events):
No events

Internal exceptions (0 events):
No events

Events (2 events):
Event: 0.025 Loaded shared library C:\Program Files\Java\jdk-14\bin\java.dll
Event: 0.028 Loaded shared library C:\Program Files\Java\jdk-14\bin\zip.dll


Dynamic libraries:
0x00007ff6bc730000 - 0x00007ff6bc73f000 	C:\Program Files\Java\jdk-14\bin\java.exe
0x00007ffc01440000 - 0x00007ffc01630000 	C:\WINDOWS\SYSTEM32\ntdll.dll
0x00007ffc01340000 - 0x00007ffc013f2000 	C:\WINDOWS\System32\KERNEL32.DLL
0x00007ffbff0c0000 - 0x00007ffbff364000 	C:\WINDOWS\System32\KERNELBASE.dll
0x00007ffbfe570000 - 0x00007ffbfe66a000 	C:\WINDOWS\System32\ucrtbase.dll
0x00007ffbf8880000 - 0x00007ffbf8898000 	C:\Program Files\Java\jdk-14\bin\jli.dll
0x00007ffc00fa0000 - 0x00007ffc01043000 	C:\WINDOWS\System32\ADVAPI32.dll
0x00007ffbff870000 - 0x00007ffbff90e000 	C:\WINDOWS\System32\msvcrt.dll
0x00007ffc00860000 - 0x00007ffc008f7000 	C:\WINDOWS\System32\sechost.dll
0x00007ffc00c40000 - 0x00007ffc00d60000 	C:\WINDOWS\System32\RPCRT4.dll
0x00007ffbcc580000 - 0x00007ffbcc595000 	C:\Program Files\Java\jdk-14\bin\VCRUNTIME140.dll
0x00007ffbffb40000 - 0x00007ffbffcd4000 	C:\WINDOWS\System32\USER32.dll
0x00007ffbff370000 - 0x00007ffbff391000 	C:\WINDOWS\System32\win32u.dll
0x00007ffbffb10000 - 0x00007ffbffb36000 	C:\WINDOWS\System32\GDI32.dll
0x00007ffbfe3d0000 - 0x00007ffbfe565000 	C:\WINDOWS\System32\gdi32full.dll
0x00007ffbff450000 - 0x00007ffbff4ee000 	C:\WINDOWS\System32\msvcp_win.dll
0x00007ffbf73a0000 - 0x00007ffbf73aa000 	C:\WINDOWS\SYSTEM32\VERSION.dll
0x00007ffbeb980000 - 0x00007ffbebc04000 	C:\WINDOWS\WinSxS\amd64_microsoft.windows.common-controls_6595b64144ccf1df_6.0.18362.900_none_e6beb9d913147d17\COMCTL32.dll
0x00007ffc00900000 - 0x00007ffc00c35000 	C:\WINDOWS\System32\combase.dll
0x00007ffbfe720000 - 0x00007ffbfe7a0000 	C:\WINDOWS\System32\bcryptPrimitives.dll
0x00007ffc00f70000 - 0x00007ffc00f9e000 	C:\WINDOWS\System32\IMM32.DLL
0x00007ffbca810000 - 0x00007ffbca8ab000 	C:\Program Files\Java\jdk-14\bin\msvcp140.dll
0x00007ffb4ac20000 - 0x00007ffb4b73f000 	C:\Program Files\Java\jdk-14\bin\server\jvm.dll
0x00007ffbffa20000 - 0x00007ffbffa28000 	C:\WINDOWS\System32\PSAPI.DLL
0x00007ffbfc070000 - 0x00007ffbfc079000 	C:\WINDOWS\SYSTEM32\WSOCK32.dll
0x00007ffbfbad0000 - 0x00007ffbfbaf4000 	C:\WINDOWS\SYSTEM32\WINMM.dll
0x00007ffc00f00000 - 0x00007ffc00f6f000 	C:\WINDOWS\System32\WS2_32.dll
0x00007ffbfbaa0000 - 0x00007ffbfbacd000 	C:\WINDOWS\SYSTEM32\winmmbase.dll
0x00007ffbfef20000 - 0x00007ffbfef6a000 	C:\WINDOWS\System32\cfgmgr32.dll
0x00007ffbfe310000 - 0x00007ffbfe321000 	C:\WINDOWS\System32\kernel.appcore.dll
0x00007ffbfa950000 - 0x00007ffbfa95a000 	C:\Program Files\Java\jdk-14\bin\jimage.dll
0x00007ffbfccf0000 - 0x00007ffbfcee4000 	C:\WINDOWS\SYSTEM32\DBGHELP.DLL
0x00007ffbe89d0000 - 0x00007ffbe89fa000 	C:\WINDOWS\SYSTEM32\dbgcore.DLL
0x00007ffbf8ad0000 - 0x00007ffbf8ade000 	C:\Program Files\Java\jdk-14\bin\instrument.dll
0x00007ffbca7e0000 - 0x00007ffbca805000 	C:\Program Files\Java\jdk-14\bin\java.dll
0x00007ffbcc560000 - 0x00007ffbcc577000 	C:\Program Files\Java\jdk-14\bin\zip.dll

dbghelp: loaded successfully - version: 4.0.5 - missing functions: none
symbol engine: initialized successfully - sym options: 0x614 - pdb path: .;C:\Program Files\Java\jdk-14\bin;C:\WINDOWS\SYSTEM32;C:\WINDOWS\WinSxS\amd64_microsoft.windows.common-controls_6595b64144ccf1df_6.0.18362.900_none_e6beb9d913147d17;C:\Program Files\Java\jdk-14\bin\server

VM Arguments:
jvm_args: -javaagent:C:\Program Files\JetBrains\IntelliJ IDEA 2020.2.3\lib\idea_rt.jar=53020:C:\Program Files\JetBrains\IntelliJ IDEA 2020.2.3\bin -Dfile.encoding=UTF-8 
java_command: ThirdAssignment
java_class_path (initial): C:\Users\LENOVO\IdeaProjects\Assignment3\out\production\Assignment3
Launcher Type: SUN_STANDARD

[Global flags]
     intx CICompilerCount                          = 4                                         {product} {ergonomic}
     uint ConcGCThreads                            = 2                                         {product} {ergonomic}
     uint G1ConcRefinementThreads                  = 8                                         {product} {ergonomic}
   size_t G1HeapRegionSize                         = 1048576                                   {product} {ergonomic}
    uintx GCDrainStackTargetSize                   = 64                                        {product} {ergonomic}
   size_t InitialHeapSize                          = 132120576                                 {product} {ergonomic}
   size_t MarkStackSize                            = 4194304                                   {product} {ergonomic}
   size_t MaxHeapSize                              = 2111832064                                {product} {ergonomic}
   size_t MinHeapDeltaBytes                        = 1048576                                   {product} {ergonomic}
   size_t MinHeapSize                              = 8388608                                   {product} {ergonomic}
    uintx NonNMethodCodeHeapSize                   = 5839372                                {pd product} {ergonomic}
    uintx NonProfiledCodeHeapSize                  = 122909434                              {pd product} {ergonomic}
    uintx ProfiledCodeHeapSize                     = 122909434                              {pd product} {ergonomic}
    uintx ReservedCodeCacheSize                    = 251658240                              {pd product} {ergonomic}
     bool SegmentedCodeCache                       = true                                      {product} {ergonomic}
   size_t SoftMaxHeapSize                          = 2111832064                             {manageable} {ergonomic}
     bool UseCompressedClassPointers               = true                                 {lp64_product} {ergonomic}
     bool UseCompressedOops                        = true                                 {lp64_product} {ergonomic}
     bool UseG1GC                                  = true                                      {product} {ergonomic}
     bool UseLargePagesIndividualAllocation        = false                                  {pd product} {ergonomic}

Logging:
Log output configuration:
 #0: stdout all=warning uptime,level,tags
 #1: stderr all=off uptime,level,tags

Environment Variables:
PATH=C:\Program Files (x86)\NVIDIA Corporation\PhysX\Common;C:\Program Files\Microsoft MPI\Bin\;C:\Program Files (x86)\Common Files\Oracle\Java\javapath;C:\Program Files (x86)\Intel\iCLS Client\;C:\Program Files\Intel\iCLS Client\;C:\Windows\system32;C:\Windows;C:\Windows\System32\Wbem;C:\Windows\System32\WindowsPowerShell\v1.0\;C:\Program Files (x86)\Intel\Intel(R) Management Engine Components\DAL;C:\Program Files\Intel\Intel(R) Management Engine Components\DAL;C:\Program Files (x86)\Intel\Intel(R) Management Engine Components\IPT;C:\Program Files\Intel\Intel(R) Management Engine Components\IPT;C:\WINDOWS\system32;C:\WINDOWS;C:\WINDOWS\System32\Wbem;C:\WINDOWS\System32\WindowsPowerShell\v1.0\;C:\Program Files (x86)\Common Files\Acronis\VirtualFile\;C:\Program Files (x86)\Common Files\Acronis\VirtualFile64\;C:\Program Files (x86)\Common Files\Acronis\FileProtector\;C:\Program Files (x86)\Common Files\Acronis\FileProtector64\;C:\Program Files (x86)\Common Files\Acronis\SnapAPI\;C:\WINDOWS\System32\OpenSSH\;C:\Program Files\Microsoft SQL Server\Client SDK\ODBC\110\Tools\Binn\;C:\Program Files (x86)\Microsoft SQL Server\120\Tools\Binn\;C:\Program Files\Microsoft SQL Server\120\Tools\Binn\;C:\Program Files\Microsoft SQL Server\120\DTS\Binn\;C:\Program Files (x86)\Windows Kits\8.1\Windows Performance Toolkit\;C:\Program Files\MySQL\MySQL Server 8.0\bin;C:\Program Files\Git\cmd;C:\Program Files\Microsoft SQL Server\Client SDK\ODBC\170\Tools\Binn\;C:\Program Files (x86)\Microsoft SQL Server\150\Tools\Binn\;C:\Program Files\Microsoft SQL Server\150\Tools\Binn\;C:\Program Files\Microsoft SQL Server\150\DTS\Binn\;C:\Program Files (x86)\Microsoft SQL Server\150\DTS\Binn\;C:\Program Files\MySQL\MySQL Shell 8.0\bin\;C:\Users\LENOVO\AppData\Local\Microsoft\WindowsApps;C:\Program Files\MySQL\MySQL Server 8.0\bin;C:\Users\LENOVO\AppData\Local\GitHubDesktop\bin
USERNAME=LENOVO
OS=Windows_NT
PROCESSOR_IDENTIFIER=Intel64 Family 6 Model 158 Stepping 9, GenuineIntel



---------------  S Y S T E M  ---------------

OS: Windows 10 , 64 bit Build 18362 (10.0.18362.900)
OS uptime: 2 days 16:42 hours

CPU:total 8 (initial active 8) (4 cores per cpu, 2 threads per core) family 6 model 158 stepping 9, cmov, cx8, fxsr, mmx, sse, sse2, sse3, ssse3, sse4.1, sse4.2, popcnt, avx, avx2, aes, clmul, erms, 3dnowpref, lzcnt, ht, tsc, tscinvbit, bmi1, bmi2, adx, fma

Memory: 4k page, system-wide physical 8052M (1378M free)
TotalPageFile size 13217M (AvailPageFile size 124M)
current process WorkingSet (physical memory assigned to process): 13M, peak: 13M
current process commit charge ("private bytes"): 60M, peak: 186M

vm_info: Java HotSpot(TM) 64-Bit Server VM (14+36-1461) for windows-amd64 JRE (14+36-1461), built on Feb  6 2020 19:08:04 by "mach5one" with MS VC++ 15.9 (VS2017)

END.
